mode: set
/home/yo/Descargas/proj/go/gopronounciator/main.go:108.51,112.35 3 1
/home/yo/Descargas/proj/go/gopronounciator/main.go:128.2,128.21 1 1
/home/yo/Descargas/proj/go/gopronounciator/main.go:112.35,113.30 1 1
/home/yo/Descargas/proj/go/gopronounciator/main.go:114.15,115.34 1 1
/home/yo/Descargas/proj/go/gopronounciator/main.go:116.14,117.24 1 1
/home/yo/Descargas/proj/go/gopronounciator/main.go:118.14,120.17 2 1
/home/yo/Descargas/proj/go/gopronounciator/main.go:124.4,125.25 2 1
/home/yo/Descargas/proj/go/gopronounciator/main.go:120.17,122.13 2 1
/home/yo/Descargas/proj/go/gopronounciator/main.go:134.56,136.19 2 1
/home/yo/Descargas/proj/go/gopronounciator/main.go:139.2,143.34 4 1
/home/yo/Descargas/proj/go/gopronounciator/main.go:154.2,154.37 1 1
/home/yo/Descargas/proj/go/gopronounciator/main.go:136.19,138.3 1 1
/home/yo/Descargas/proj/go/gopronounciator/main.go:143.34,146.46 2 1
/home/yo/Descargas/proj/go/gopronounciator/main.go:146.46,148.4 1 1
/home/yo/Descargas/proj/go/gopronounciator/main.go:148.9,150.4 1 0
/home/yo/Descargas/proj/go/gopronounciator/main.go:158.54,159.37 1 1
/home/yo/Descargas/proj/go/gopronounciator/main.go:162.2,162.20 1 1
/home/yo/Descargas/proj/go/gopronounciator/main.go:159.37,161.3 1 1
/home/yo/Descargas/proj/go/gopronounciator/main.go:165.12,168.16 3 1
/home/yo/Descargas/proj/go/gopronounciator/main.go:171.2,176.21 4 1
/home/yo/Descargas/proj/go/gopronounciator/main.go:188.2,191.38 3 1
/home/yo/Descargas/proj/go/gopronounciator/main.go:168.16,170.3 1 0
/home/yo/Descargas/proj/go/gopronounciator/main.go:176.21,178.39 2 1
/home/yo/Descargas/proj/go/gopronounciator/main.go:182.3,183.21 2 1
/home/yo/Descargas/proj/go/gopronounciator/main.go:178.39,179.12 1 1
/home/yo/Descargas/proj/go/gopronounciator/main.go:183.21,185.4 1 1
/home/yo/Descargas/proj/go/gopronounciator/main.go:191.38,193.3 1 0
/home/yo/Descargas/proj/go/gopronounciator/main.go:196.13,200.2 1 0
/home/yo/Descargas/proj/go/gopronounciator/parserPronunciator.go:26.68,37.15 2 1
/home/yo/Descargas/proj/go/gopronounciator/parserPronunciator.go:42.2,44.67 2 1
/home/yo/Descargas/proj/go/gopronounciator/parserPronunciator.go:49.2,49.65 1 1
/home/yo/Descargas/proj/go/gopronounciator/parserPronunciator.go:52.2,52.63 1 1
/home/yo/Descargas/proj/go/gopronounciator/parserPronunciator.go:55.2,55.64 1 1
/home/yo/Descargas/proj/go/gopronounciator/parserPronunciator.go:59.2,79.7 2 1
/home/yo/Descargas/proj/go/gopronounciator/parserPronunciator.go:37.15,40.3 2 0
/home/yo/Descargas/proj/go/gopronounciator/parserPronunciator.go:44.67,47.3 2 1
/home/yo/Descargas/proj/go/gopronounciator/parserPronunciator.go:49.65,51.3 1 1
/home/yo/Descargas/proj/go/gopronounciator/parserPronunciator.go:52.63,54.3 1 1
/home/yo/Descargas/proj/go/gopronounciator/parserPronunciator.go:55.64,57.3 1 1
/home/yo/Descargas/proj/go/gopronounciator/parserPronunciator.go:82.63,86.33 3 1
/home/yo/Descargas/proj/go/gopronounciator/parserPronunciator.go:91.2,91.16 1 1
/home/yo/Descargas/proj/go/gopronounciator/parserPronunciator.go:86.33,89.3 2 1
